<?xml version="1.0" encoding="UTF-8"?>
<!-- Generated by org.testng.reporters.JUnitReportReporter -->
<testsuite hostname="sok" failures="0" tests="1" name="rahulshettyacademy.Appium.LongPressDemo" time="17.866" errors="0" timestamp="01 Mar 2024 15:53:26 GMT" skipped="0">
  <testcase classname="rahulshettyacademy.Appium.LongPressDemo" name="longPressGesture" time="17.866"/>
</testsuite> <!-- rahulshettyacademy.Appium.LongPressDemo -->
