<?xml version="1.0" encoding="UTF-8"?>
<!-- Generated by org.testng.reporters.JUnitReportReporter -->
<testsuite hostname="sok" failures="0" tests="1" name="rahulshettyacademy.Appium.ScrollDemoTest" time="8.067" errors="0" timestamp="29 Feb 2024 17:25:56 GMT" skipped="0">
  <testcase classname="rahulshettyacademy.Appium.ScrollDemoTest" name="scrollDemoTest" time="8.067"/>
</testsuite> <!-- rahulshettyacademy.Appium.ScrollDemoTest -->
