<?xml version="1.0" encoding="UTF-8"?>
<!-- Generated by org.testng.reporters.JUnitReportReporter -->
<testsuite hostname="sok" failures="0" tests="1" name="demos.DragAndDropDemo" time="12.205" errors="0" timestamp="01 Mar 2024 16:44:20 GMT" skipped="0">
  <testcase classname="demos.DragAndDropDemo" name="dragAndDrop" time="12.205"/>
</testsuite> <!-- demos.DragAndDropDemo -->
