<?xml version="1.0" encoding="UTF-8"?>
<!-- Generated by org.testng.reporters.JUnitReportReporter -->
<testsuite hostname="sok" failures="0" tests="1" name="demos.ScrollDemoTest" time="28.494" errors="0" timestamp="01 Mar 2024 16:48:28 GMT" skipped="0">
  <testcase classname="demos.ScrollDemoTest" name="scrollDemoTest" time="28.494"/>
</testsuite> <!-- demos.ScrollDemoTest -->
