<?xml version="1.0" encoding="UTF-8"?>
<!-- Generated by org.testng.reporters.JUnitReportReporter -->
<testsuite hostname="sok" failures="0" tests="1" name="rahulshettyacademy.Appium.LongPress" time="6.057" errors="0" timestamp="29 Feb 2024 17:29:14 GMT" skipped="0">
  <testcase classname="rahulshettyacademy.Appium.LongPress" name="longPressGesture" time="6.057"/>
</testsuite> <!-- rahulshettyacademy.Appium.LongPress -->
