<?xml version="1.0" encoding="UTF-8"?>
<!-- Generated by org.testng.reporters.JUnitReportReporter -->
<testsuite hostname="sok" failures="0" tests="1" name="rahulshettyacademy.Appium.MiscActions" time="28.262" errors="0" timestamp="01 Mar 2024 15:43:54 GMT" skipped="0">
  <testcase classname="rahulshettyacademy.Appium.MiscActions" name="miscStuff" time="28.262"/>
</testsuite> <!-- rahulshettyacademy.Appium.MiscActions -->
