<?xml version="1.0" encoding="UTF-8"?>
<!-- Generated by org.testng.reporters.JUnitReportReporter -->
<testsuite hostname="sok" failures="0" tests="1" name="ecommerce.ECommerce_tc_1" time="18.293" errors="0" timestamp="05 Mar 2024 02:40:19 GMT" skipped="0">
  <testcase classname="ecommerce.ECommerce_tc_1" name="hybridLesson52" time="18.293"/>
</testsuite> <!-- ecommerce.ECommerce_tc_1 -->
