<?xml version="1.0" encoding="UTF-8"?>
<!-- Generated by org.testng.reporters.JUnitReportReporter -->
<testsuite hostname="sok" failures="0" tests="1" name="rahulshettyacademy.Appium.Activities" time="2.080" errors="0" timestamp="01 Mar 2024 15:38:13 GMT" skipped="0">
  <testcase classname="rahulshettyacademy.Appium.Activities" name="miscStuff" time="2.080"/>
</testsuite> <!-- rahulshettyacademy.Appium.Activities -->
