<?xml version="1.0" encoding="UTF-8"?>
<!-- Generated by org.testng.reporters.JUnitReportReporter -->
<testsuite hostname="sok" failures="0" tests="1" name="demos.LongPressDemo" time="17.195" errors="0" timestamp="01 Mar 2024 16:47:14 GMT" skipped="0">
  <testcase classname="demos.LongPressDemo" name="longPressGesture" time="17.195"/>
</testsuite> <!-- demos.LongPressDemo -->
