<?xml version="1.0" encoding="UTF-8"?>
<!-- Generated by org.testng.reporters.JUnitReportReporter -->
<testsuite hostname="sok" failures="0" tests="1" name="demos.AppiumBasics" time="16.630" errors="0" timestamp="01 Mar 2024 16:39:41 GMT" skipped="0">
  <testcase classname="demos.AppiumBasics" name="WifiSettingsName" time="16.630"/>
</testsuite> <!-- demos.AppiumBasics -->
